<?xml version="1.0" encoding="UTF-8"?>
<!-- Generated by org.testng.reporters.JUnitXMLReporter -->
<testsuite hostname="DESKTOP-R4N1TST" ignored="0" name="LoginValidation" tests="1" failures="1" timestamp="24 Nov 2021 07:28:10 GMT" time="8.753" errors="0">
  <testcase name="login" time="2.295" classname="in.irctc.test.logintest">
    <failure type="java.lang.AssertionError" message="The following asserts failed:
	The username is wrong or not displayed in the landing page expected [Welcome adharsh] but found [Welcome adharsh,]">
      <![CDATA[java.lang.AssertionError: The following asserts failed:
The username is wrong or not displayed in the landing page expected [Welcome adharsh] but found [Welcome adharsh,]
at in.irctc.test.logintest.login(logintest.java:30)
... Removed 26 stack frames]]>
    </failure>
  </testcase> <!-- login -->
</testsuite> <!-- LoginValidation -->
