<?xml version="1.0" encoding="UTF-8"?>
<testng-results skipped="0" failed="0" ignored="0" total="1" passed="1">
  <reporter-output>
  </reporter-output>
  <suite name="TNEB" duration-ms="25837" started-at="2021-11-30T12:43:38Z" finished-at="2021-11-30T12:44:04Z">
    <groups>
    </groups>
    <test name="LoginValidation" duration-ms="25837" started-at="2021-11-30T12:43:38Z" finished-at="2021-11-30T12:44:04Z">
      <class name="in.irctc.test.logintest">
        <test-method status="PASS" signature="readingproperties()[pri:0, instance:in.irctc.test.logintest@4de8b406]" name="readingproperties" is-config="true" duration-ms="44" started-at="2021-11-30T12:43:38Z" finished-at="2021-11-30T12:43:38Z">
          <reporter-output>
          </reporter-output>
        </test-method> <!-- readingproperties -->
        <test-method status="PASS" signature="base(java.lang.String)[pri:0, instance:in.irctc.test.logintest@4de8b406]" name="base" is-config="true" duration-ms="20276" started-at="2021-11-30T12:43:38Z" finished-at="2021-11-30T12:43:59Z">
          <params>
            <param index="0">
              <value>
                <![CDATA[chrome]]>
              </value>
            </param>
          </params>
          <reporter-output>
          </reporter-output>
        </test-method> <!-- base -->
        <test-method status="PASS" signature="login()[pri:0, instance:in.irctc.test.logintest@4de8b406]" name="login" duration-ms="5462" started-at="2021-11-30T12:43:59Z" finished-at="2021-11-30T12:44:04Z">
          <reporter-output>
          </reporter-output>
        </test-method> <!-- login -->
      </class> <!-- in.irctc.test.logintest -->
    </test> <!-- LoginValidation -->
  </suite> <!-- TNEB -->
</testng-results>
