<?xml version="1.0" encoding="UTF-8"?>
<testng-results skipped="0" failed="0" ignored="0" total="1" passed="1">
  <reporter-output>
  </reporter-output>
  <suite name="TNEB" duration-ms="28828" started-at="2021-11-30T11:03:31Z" finished-at="2021-11-30T11:04:00Z">
    <groups>
    </groups>
    <test name="LoginValidation" duration-ms="28828" started-at="2021-11-30T11:03:31Z" finished-at="2021-11-30T11:04:00Z">
      <class name="in.irctc.test.logintest">
        <test-method status="PASS" signature="readingproperties()[pri:0, instance:in.irctc.test.logintest@7d9d1a19]" name="readingproperties" is-config="true" duration-ms="16" started-at="2021-11-30T11:03:31Z" finished-at="2021-11-30T11:03:31Z">
          <reporter-output>
          </reporter-output>
        </test-method> <!-- readingproperties -->
        <test-method status="PASS" signature="base(java.lang.String)[pri:0, instance:in.irctc.test.logintest@7d9d1a19]" name="base" is-config="true" duration-ms="11526" started-at="2021-11-30T11:03:31Z" finished-at="2021-11-30T11:03:42Z">
          <params>
            <param index="0">
              <value>
                <![CDATA[chrome]]>
              </value>
            </param>
          </params>
          <reporter-output>
          </reporter-output>
        </test-method> <!-- base -->
        <test-method status="PASS" signature="login()[pri:0, instance:in.irctc.test.logintest@7d9d1a19]" name="login" duration-ms="17255" started-at="2021-11-30T11:03:42Z" finished-at="2021-11-30T11:04:00Z">
          <reporter-output>
          </reporter-output>
        </test-method> <!-- login -->
      </class> <!-- in.irctc.test.logintest -->
    </test> <!-- LoginValidation -->
  </suite> <!-- TNEB -->
</testng-results>
